<?xml version="1.0" encoding="UTF-8" ?>
<testsuite tests="6" failures="0" name="com.mycompany.cots_bintang.Cots_bintangTest" time="0.002" errors="0" skipped="0">
  <properties>
[...]
</properties>
  <testcase classname="com.mycompany.cots_bintang.Cots_bintangTest" name="com.mycompany.cots_bintang.Cots_bintangTest.testPembagian" time="0.002"/>
  <testcase classname="com.mycompany.cots_bintang.Cots_bintangTest" name="com.mycompany.cots_bintang.Cots_bintangTest.testPerkalian" time="0"/>
  <testcase classname="com.mycompany.cots_bintang.Cots_bintangTest" name="com.mycompany.cots_bintang.Cots_bintangTest.testPenambahan" time="0"/>
  <testcase classname="com.mycompany.cots_bintang.Cots_bintangTest" name="com.mycompany.cots_bintang.Cots_bintangTest.testPengurangan" time="0"/>
  <testcase classname="com.mycompany.cots_bintang.Cots_bintangTest" name="com.mycompany.cots_bintang.Cots_bintangTest.testPilihanTidakValid" time="0"/>
  <testcase classname="com.mycompany.cots_bintang.Cots_bintangTest" name="com.mycompany.cots_bintang.Cots_bintangTest.testPembagianDenganNol" time="0"/>
</testsuite>